Unity Editor version:    2020.3.22f1 (e1a7f79fd887)
Branch:                  2020.3/staging
Build type:              Release
Batch mode:              YES
macOS version:           Version 11.5.2 (Build 20G95)
Darwin version:          20.6.0
Architecture:            x86_64
Running under Rosetta:   NO
Available memory:        8192 MB
Using pre-set license
Pro License: NO

COMMAND LINE ARGUMENTS:
/Applications/Unity/Hub/Editor/2020.3.22f1/Unity.app/Contents/MacOS/Unity
-adb2
-batchMode
-noUpm
-name
AssetImportWorker0
-projectPath
/Users/eduards/Desktop/MagistraDarbs
-logFile
Logs/AssetImportWorker0.log
-srvPort
52678
Successfully changed project path to: /Users/eduards/Desktop/MagistraDarbs
/Users/eduards/Desktop/MagistraDarbs
Using Asset Import Pipeline V2.
Refreshing native plugins compatible for Editor in 170.52 ms, found 3 plugins.
Preloading 0 native plugins for Editor in 0.00 ms.
Initialize engine version: 2020.3.22f1 (e1a7f79fd887)
[Subsystems] Discovering subsystems at path /Applications/Unity/Hub/Editor/2020.3.22f1/Unity.app/Contents/Resources/UnitySubsystems
[Subsystems] Discovering subsystems at path /Users/eduards/Desktop/MagistraDarbs/Assets
GfxDevice: creating device client; threaded=0
2021-12-20 10:49:25.747 Unity[18557:334752] Color LCD preferred device: Intel HD Graphics 5000 (low power)
2021-12-20 10:49:25.747 Unity[18557:334752] Metal devices available: 1
2021-12-20 10:49:25.747 Unity[18557:334752] 0: Intel HD Graphics 5000 (low power)
2021-12-20 10:49:25.747 Unity[18557:334752] Using device Intel HD Graphics 5000 (low power)
Initializing Metal device caps: Intel HD Graphics 5000
Initialize mono
Mono path[0] = '/Applications/Unity/Hub/Editor/2020.3.22f1/Unity.app/Contents/Managed'
Mono path[1] = '/Applications/Unity/Hub/Editor/2020.3.22f1/Unity.app/Contents/MonoBleedingEdge/lib/mono/unityjit'
Mono config path = '/Applications/Unity/Hub/Editor/2020.3.22f1/Unity.app/Contents/MonoBleedingEdge/etc'
Using monoOptions --debugger-agent=transport=dt_socket,embedding=1,server=y,suspend=n,address=127.0.0.1:56557
Begin MonoManager ReloadAssembly
Registering precompiled unity dll's ...
Register platform support module: /Applications/Unity/Hub/Editor/2020.3.22f1/Unity.app/Contents/PlaybackEngines/MacStandaloneSupport/UnityEditor.OSXStandalone.Extensions.dll
Registered in 0.000764 seconds.
Native extension for OSXStandalone target not found
Refreshing native plugins compatible for Editor in 165.04 ms, found 3 plugins.
Preloading 0 native plugins for Editor in 0.00 ms.
Mono: successfully reloaded assembly
- Completed reload, in  2.933 seconds
Domain Reload Profiling:
	ReloadAssembly (2934ms)
		BeginReloadAssembly (90ms)
			ExecutionOrderSort (0ms)
			DisableScriptedObjects (0ms)
			BackupInstance (0ms)
			ReleaseScriptingObjects (0ms)
			CreateAndSetChildDomain (1ms)
		EndReloadAssembly (1206ms)
			LoadAssemblies (89ms)
			RebuildTransferFunctionScriptingTraits (0ms)
			SetupTypeCache (473ms)
			ReleaseScriptCaches (0ms)
			RebuildScriptCaches (75ms)
			SetupLoadedEditorAssemblies (484ms)
				LogAssemblyErrors (0ms)
				InitializePlatformSupportModulesInManaged (9ms)
				SetLoadedEditorAssemblies (1ms)
				RefreshPlugins (165ms)
				BeforeProcessingInitializeOnLoad (54ms)
				ProcessInitializeOnLoadAttributes (204ms)
				ProcessInitializeOnLoadMethodAttributes (50ms)
				AfterProcessingInitializeOnLoad (0ms)
				EditorAssembliesLoaded (0ms)
			ExecutionOrderSort2 (0ms)
			AwakeInstancesAfterBackupRestoration (0ms)
Platform modules already initialized, skipping
Registering precompiled user dll's ...
Registered in 0.006685 seconds.
ASSEMBLY OVERRIDES: * override found for Unity assembly UnityEngine.UIElementsModule.dll (override path Library/ScriptAssemblies/UnityEngine.UIElementsModule.dll)
ASSEMBLY OVERRIDES: * override found for Unity assembly UnityEditor.UIElementsModule.dll (override path Library/ScriptAssemblies/UnityEditor.UIElementsModule.dll)
Begin MonoManager ReloadAssembly
ASSEMBLY OVERRIDES: * override found for Unity assembly UnityEngine.UIElementsModule.dll (override path Library/ScriptAssemblies/UnityEngine.UIElementsModule.dll)
ASSEMBLY OVERRIDES: * override found for Unity assembly UnityEditor.UIElementsModule.dll (override path Library/ScriptAssemblies/UnityEditor.UIElementsModule.dll)
Symbol file LoadedFromMemory is not a mono symbol file
Native extension for OSXStandalone target not found
Refreshing native plugins compatible for Editor in 110.48 ms, found 3 plugins.
Preloading 0 native plugins for Editor in 0.00 ms.
ASSEMBLY OVERRIDES: * override found for Unity assembly UnityEngine.UIElementsModule.dll (override path Library/ScriptAssemblies/UnityEngine.UIElementsModule.dll)
ASSEMBLY OVERRIDES: * override found for Unity assembly UnityEditor.UIElementsModule.dll (override path Library/ScriptAssemblies/UnityEditor.UIElementsModule.dll)
CreateSerializedAsset is not supported while importing out-of-process
UnityEngine.StackTraceUtility:ExtractStackTrace () (at /Users/bokken/buildslave/unity/build/Runtime/Export/Scripting/StackTrace.cs:37)
UnityEditor.XR.Management.EditorUtilities:CreateScriptableObjectInstance (string,string) (at Library/PackageCache/com.unity.xr.management@4.0.7/Editor/EditorUtilities.cs:102)
UnityEditor.XR.Management.XRPackageInitializationBootstrap:InitializeLoaderFromMetadata (string,System.Collections.Generic.List`1<UnityEditor.XR.Management.Metadata.IXRLoaderMetadata>) (at Library/PackageCache/com.unity.xr.management@4.0.7/Editor/XRPackageInitialization.cs:152)
UnityEditor.XR.Management.XRPackageInitializationBootstrap:InitializePackageFromMetadata (UnityEditor.XR.Management.Metadata.IXRPackage,UnityEditor.XR.Management.Metadata.IXRPackageMetadata) (at Library/PackageCache/com.unity.xr.management@4.0.7/Editor/XRPackageInitialization.cs:129)
UnityEditor.XR.Management.XRPackageInitializationBootstrap:InitPackage (UnityEditor.XR.Management.Metadata.IXRPackage) (at Library/PackageCache/com.unity.xr.management@4.0.7/Editor/XRPackageInitialization.cs:118)
UnityEditor.XR.Management.XRPackageInitializationBootstrap:BeginPackageInitialization () (at Library/PackageCache/com.unity.xr.management@4.0.7/Editor/XRPackageInitialization.cs:87)
UnityEditor.XR.Management.XRPackageInitializationBootstrap:.cctor () (at Library/PackageCache/com.unity.xr.management@4.0.7/Editor/XRPackageInitialization.cs:50)
System.Runtime.CompilerServices.RuntimeHelpers:RunClassConstructor (System.RuntimeTypeHandle)
UnityEditor.EditorAssemblies:ProcessInitializeOnLoadAttributes (System.Type[]) (at /Users/bokken/buildslave/unity/build/Editor/Mono/EditorAssemblies.cs:134)

[Library/PackageCache/com.unity.xr.management@4.0.7/Editor/EditorUtilities.cs line 102]

UnityEngine.UnityException: Creating asset at path Assets/XR/Loaders/Magic Leap Loader.asset failed.
  at (wrapper managed-to-native) UnityEditor.AssetDatabase.CreateAsset(UnityEngine.Object,string)
  at UnityEditor.XR.Management.EditorUtilities.CreateScriptableObjectInstance (System.String typeName, System.String path) [0x00031] in /Users/eduards/Desktop/MagistraDarbs/Library/PackageCache/com.unity.xr.management@4.0.7/Editor/EditorUtilities.cs:102 
  at UnityEditor.XR.Management.XRPackageInitializationBootstrap.InitializeLoaderFromMetadata (System.String packageName, System.Collections.Generic.List`1[T] loaderMetadatas) [0x0004e] in /Users/eduards/Desktop/MagistraDarbs/Library/PackageCache/com.unity.xr.management@4.0.7/Editor/XRPackageInitialization.cs:152 
  at UnityEditor.XR.Management.XRPackageInitializationBootstrap.InitializePackageFromMetadata (UnityEditor.XR.Management.Metadata.IXRPackage package, UnityEditor.XR.Management.Metadata.IXRPackageMetadata packageMetadata) [0x00001] in /Users/eduards/Desktop/MagistraDarbs/Library/PackageCache/com.unity.xr.management@4.0.7/Editor/XRPackageInitialization.cs:129 
  at UnityEditor.XR.Management.XRPackageInitializationBootstrap.InitPackage (UnityEditor.XR.Management.Metadata.IXRPackage package) [0x00030] in /Users/eduards/Desktop/MagistraDarbs/Library/PackageCache/com.unity.xr.management@4.0.7/Editor/XRPackageInitialization.cs:118 
  at UnityEditor.XR.Management.XRPackageInitializationBootstrap.BeginPackageInitialization () [0x0008f] in /Users/eduards/Desktop/MagistraDarbs/Library/PackageCache/com.unity.xr.management@4.0.7/Editor/XRPackageInitialization.cs:87 
  at UnityEditor.XR.Management.XRPackageInitializationBootstrap..cctor () [0x00030] in /Users/eduards/Desktop/MagistraDarbs/Library/PackageCache/com.unity.xr.management@4.0.7/Editor/XRPackageInitialization.cs:50 
UnityEngine.StackTraceUtility:ExtractStackTrace () (at /Users/bokken/buildslave/unity/build/Runtime/Export/Scripting/StackTrace.cs:37)
UnityEngine.DebugLogHandler:LogFormat (UnityEngine.LogType,UnityEngine.Object,string,object[])
UnityEngine.Logger:Log (UnityEngine.LogType,object)
UnityEngine.Debug:LogError (object)
UnityEditor.EditorAssemblies:ProcessInitializeOnLoadAttributes (System.Type[]) (at /Users/bokken/buildslave/unity/build/Editor/Mono/EditorAssemblies.cs:138)

(Filename: /Users/bokken/buildslave/unity/build/Editor/Mono/EditorAssemblies.cs Line: 138)

ASSEMBLY OVERRIDES: * override found for Unity assembly UnityEngine.UIElementsModule.dll (override path Library/ScriptAssemblies/UnityEngine.UIElementsModule.dll)
ASSEMBLY OVERRIDES: * override found for Unity assembly UnityEditor.UIElementsModule.dll (override path Library/ScriptAssemblies/UnityEditor.UIElementsModule.dll)
Mono: successfully reloaded assembly
- Completed reload, in  2.873 seconds
Domain Reload Profiling:
	ReloadAssembly (2875ms)
		BeginReloadAssembly (279ms)
			ExecutionOrderSort (0ms)
			DisableScriptedObjects (8ms)
			BackupInstance (0ms)
			ReleaseScriptingObjects (0ms)
			CreateAndSetChildDomain (57ms)
		EndReloadAssembly (2432ms)
			LoadAssemblies (184ms)
			RebuildTransferFunctionScriptingTraits (0ms)
			SetupTypeCache (754ms)
			ReleaseScriptCaches (1ms)
			RebuildScriptCaches (171ms)
			SetupLoadedEditorAssemblies (988ms)
				LogAssemblyErrors (0ms)
				InitializePlatformSupportModulesInManaged (8ms)
				SetLoadedEditorAssemblies (0ms)
				RefreshPlugins (111ms)
				BeforeProcessingInitializeOnLoad (180ms)
				ProcessInitializeOnLoadAttributes (576ms)
				ProcessInitializeOnLoadMethodAttributes (110ms)
				AfterProcessingInitializeOnLoad (3ms)
				EditorAssembliesLoaded (1ms)
			ExecutionOrderSort2 (0ms)
			AwakeInstancesAfterBackupRestoration (19ms)
Platform modules already initialized, skipping
Validating Project structure ... 0.019935 seconds.
Shader import version has changed; will reimport all shaders...
Upgrading shader files ...0.047671 seconds.
Application.AssetDatabase Initial Script Refresh Start
RefreshInfo: InitialScriptRefreshV2(NoUpdateAssetOptions) scanfilter:  ... 1 filters
RefreshProfiler: Total: 0.000ms
Application.AssetDatabase Initial Script Refresh End
Application.AssetDatabase.Refresh Start
Application.AssetDatabase.Refresh End
RefreshInfo: StopAssetImportingV2(ForceSynchronousImport) scanfilter: 
RefreshProfiler: Total: 0.000ms
Launching external process: /Applications/Unity/Hub/Editor/2020.3.22f1/Unity.app/Contents/Tools/UnityShaderCompiler
Launched and connected shader compiler UnityShaderCompiler after 0.02 seconds
Initializing Unity extensions:
ASSEMBLY OVERRIDES: * override found for Unity assembly UnityEngine.UIElementsModule.dll (override path Library/ScriptAssemblies/UnityEngine.UIElementsModule.dll)
ASSEMBLY OVERRIDES: * override found for Unity assembly UnityEditor.UIElementsModule.dll (override path Library/ScriptAssemblies/UnityEditor.UIElementsModule.dll)
========================================================================
Worker process is ready to serve import requests
Refreshing native plugins compatible for Editor in 1.86 ms, found 3 plugins.
Preloading 0 native plugins for Editor in 0.00 ms.
Unloading 3138 Unused Serialized files (Serialized files now loaded: 0)
System memory in use before: 234.4 MB.
System memory in use after: 233.7 MB.

Unloading 330 unused Assets to reduce memory usage. Loaded Objects now: 3517.
Total: 12.438122 ms (FindLiveObjects: 0.601423 ms CreateObjectMapping: 0.500396 ms MarkObjects: 9.844943 ms  DeleteObjects: 1.488896 ms)

AssetImportParameters requested are different than current active one (requested -> active):
  custom:video-decoder-ogg-theora: a1e56fd34408186e4bbccfd4996cb3dc -> 
  custom:container-muxer-webm: aa71ff27fc2769a1b78a27578f13a17b -> 
  custom:container-demuxer-webm: 4f35f7cbe854078d1ac9338744f61a02 -> 
  custom:container-demuxer-ogg: 62fdf1f143b41e24485cea50d1cbac27 -> 
  custom:video-encoder-webm-vp8: eb34c28f22e8b96e1ab97ce403110664 -> 
  custom:framework-osx-AVFoundation: e770b220cccbd017edd2c1fefb359320 -> 
  custom:video-decoder-webm-vp8: 9c59270c3fd7afecdb556c50c9e8de78 -> 
  custom:audio-decoder-ogg-vorbis: bf7c407c2cedff20999df2af8eb42d56 -> 
  custom:audio-encoder-webm-vorbis: bf7c407c2cedff20999df2af8eb42d56 -> 
========================================================================
Received Import Request.
  path: Assets/TextMesh Pro/Examples & Extras/Sprites/Default Sprites.png
  artifactKey: Guid(a0fc465d6cf04254a2938578735e2383) Importer(815301076,1909f56bfc062723c751e8b465ee728b)
Start importing Assets/TextMesh Pro/Examples & Extras/Sprites/Default Sprites.png using Guid(a0fc465d6cf04254a2938578735e2383) Importer(815301076,1909f56bfc062723c751e8b465ee728b)  -> (artifact id: '3d63ed7dbe07605761d2abed2b221618') in 2.129615 seconds 
  Import took 2.140572 seconds .

========================================================================
Received Import Request.
  Time since last request: 0.008730 seconds.
  path: Assets/TextMesh Pro/Examples & Extras/Textures/Brushed Metal 3.jpg
  artifactKey: Guid(f88677df267a41d6be1e7a6133e7d227) Importer(815301076,1909f56bfc062723c751e8b465ee728b)
Start importing Assets/TextMesh Pro/Examples & Extras/Textures/Brushed Metal 3.jpg using Guid(f88677df267a41d6be1e7a6133e7d227) Importer(815301076,1909f56bfc062723c751e8b465ee728b)  -> (artifact id: '1c50f0e3257ec8c4927f7d13ed44813a') in 2.004729 seconds 
  Import took 2.021090 seconds .

========================================================================
Received Import Request.
  Time since last request: 0.007741 seconds.
  path: Assets/TextMesh Pro/Examples & Extras/Fonts/Oswald-Bold.ttf
  artifactKey: Guid(c9f6d0e7bc8541498c9a4799ba184ede) Importer(815301076,1909f56bfc062723c751e8b465ee728b)
Start importing Assets/TextMesh Pro/Examples & Extras/Fonts/Oswald-Bold.ttf using Guid(c9f6d0e7bc8541498c9a4799ba184ede) Importer(815301076,1909f56bfc062723c751e8b465ee728b)  -> (artifact id: '205963609baf3a8d1a17aa4232dc0b4f') in 3.632708 seconds 
  Import took 3.651977 seconds .

========================================================================
Received Import Request.
  Time since last request: 0.007059 seconds.
  path: Assets/TextMesh Pro/Examples & Extras/Fonts/Roboto-Bold.ttf
  artifactKey: Guid(4beb055f07aaff244873dec698d0363e) Importer(815301076,1909f56bfc062723c751e8b465ee728b)
Start importing Assets/TextMesh Pro/Examples & Extras/Fonts/Roboto-Bold.ttf using Guid(4beb055f07aaff244873dec698d0363e) Importer(815301076,1909f56bfc062723c751e8b465ee728b)  -> (artifact id: 'e4d2e2ae827f4a2526b4f2cd40010a73') in 0.042931 seconds 
  Import took 0.057087 seconds .

========================================================================
Received Import Request.
  Time since last request: 0.000563 seconds.
  path: Assets/arfoundation-samples-main/Assets/Prefabs/robot/biped_robot_ace_1001_r.png
  artifactKey: Guid(c040e7f82b2e249248716cd5eaf039cc) Importer(815301076,1909f56bfc062723c751e8b465ee728b)
Start importing Assets/arfoundation-samples-main/Assets/Prefabs/robot/biped_robot_ace_1001_r.png using Guid(c040e7f82b2e249248716cd5eaf039cc) Importer(815301076,1909f56bfc062723c751e8b465ee728b)  -> (artifact id: '3792f02dc58136c8e5f6fb175f95f50e') in 0.380823 seconds 
  Import took 0.392443 seconds .

========================================================================
Received Import Request.
  Time since last request: 0.000536 seconds.
  path: Assets/arfoundation-samples-main/Assets/Prefabs/robot/biped_robot_ace_1003_m.metalicRough.png
  artifactKey: Guid(0de5cd8c3f1f74e2b98289fa93c66c4c) Importer(815301076,1909f56bfc062723c751e8b465ee728b)
Start importing Assets/arfoundation-samples-main/Assets/Prefabs/robot/biped_robot_ace_1003_m.metalicRough.png using Guid(0de5cd8c3f1f74e2b98289fa93c66c4c) Importer(815301076,1909f56bfc062723c751e8b465ee728b)  -> (artifact id: '0401ca013ede009be95fdb3045e5a424') in 0.150153 seconds 
  Import took 0.162608 seconds .

========================================================================
Received Import Request.
  Time since last request: 0.000458 seconds.
  path: Assets/arfoundation-samples-main/Assets/Prefabs/robot/biped_robot_ace_1003_bc.png
  artifactKey: Guid(3a5e9f4cab52a447390376a8fec98989) Importer(815301076,1909f56bfc062723c751e8b465ee728b)
Start importing Assets/arfoundation-samples-main/Assets/Prefabs/robot/biped_robot_ace_1003_bc.png using Guid(3a5e9f4cab52a447390376a8fec98989) Importer(815301076,1909f56bfc062723c751e8b465ee728b)  -> (artifact id: 'a0af78a284b6a28ac5bef3365138181c') in 0.120258 seconds 
  Import took 0.131596 seconds .

========================================================================
Received Import Request.
  Time since last request: 0.000427 seconds.
  path: Assets/arfoundation-samples-main/Assets/Prefabs/robot/biped_robot_ace_1002_m.png
  artifactKey: Guid(a9499c002460c452db0f53b015d0603b) Importer(815301076,1909f56bfc062723c751e8b465ee728b)
Start importing Assets/arfoundation-samples-main/Assets/Prefabs/robot/biped_robot_ace_1002_m.png using Guid(a9499c002460c452db0f53b015d0603b) Importer(815301076,1909f56bfc062723c751e8b465ee728b)  -> (artifact id: '5d11b6e3a1b0fa68a98871bf20bc78b2') in 0.116240 seconds 
  Import took 0.126155 seconds .

========================================================================
Received Import Request.
  Time since last request: 0.000369 seconds.
  path: Assets/TextMesh Pro/Resources/Fonts & Materials/LiberationSans SDF - Fallback.asset
  artifactKey: Guid(2e498d1c8094910479dc3e1b768306a4) Importer(815301076,1909f56bfc062723c751e8b465ee728b)
Start importing Assets/TextMesh Pro/Resources/Fonts & Materials/LiberationSans SDF - Fallback.asset using Guid(2e498d1c8094910479dc3e1b768306a4) Importer(815301076,1909f56bfc062723c751e8b465ee728b)  -> (artifact id: 'fab79300cef9cee5e7f38bc75d5d26bf') in 1.408604 seconds 
  Import took 1.420022 seconds .

========================================================================
Received Import Request.
  Time since last request: 0.007089 seconds.
  path: Assets/arfoundation-samples-main/Assets/Scenes/ImageTracking/Prefabs/FireFliesPrefab/Textures/FireFlyEmission.tif
  artifactKey: Guid(f16b4e9769a932a4ba18f3ae2964e3e9) Importer(815301076,1909f56bfc062723c751e8b465ee728b)
Start importing Assets/arfoundation-samples-main/Assets/Scenes/ImageTracking/Prefabs/FireFliesPrefab/Textures/FireFlyEmission.tif using Guid(f16b4e9769a932a4ba18f3ae2964e3e9) Importer(815301076,1909f56bfc062723c751e8b465ee728b)  -> (artifact id: '3186284671cb47aded3b8b9b315bbcd2') in 1.789333 seconds 
  Import took 1.805093 seconds .

========================================================================
Received Import Request.
  Time since last request: 0.006589 seconds.
  path: Assets/TextMesh Pro/Resources/Fonts & Materials/LiberationSans SDF.asset
  artifactKey: Guid(8f586378b4e144a9851e7b34d9b748ee) Importer(815301076,1909f56bfc062723c751e8b465ee728b)
Start importing Assets/TextMesh Pro/Resources/Fonts & Materials/LiberationSans SDF.asset using Guid(8f586378b4e144a9851e7b34d9b748ee) Importer(815301076,1909f56bfc062723c751e8b465ee728b)  -> (artifact id: 'f1280cc7be10b532b2897fc8654f95d3') in 0.066218 seconds 
  Import took 0.085033 seconds .

========================================================================
Received Import Request.
  Time since last request: 0.001241 seconds.
  path: Assets/TextMesh Pro/Examples & Extras/Textures/Floor Tiles 1 - diffuse.jpg
  artifactKey: Guid(85ac55597b97403c82fc6601a93cf241) Importer(815301076,1909f56bfc062723c751e8b465ee728b)
Start importing Assets/TextMesh Pro/Examples & Extras/Textures/Floor Tiles 1 - diffuse.jpg using Guid(85ac55597b97403c82fc6601a93cf241) Importer(815301076,1909f56bfc062723c751e8b465ee728b)  -> (artifact id: '4670fd69252b391ce73ce68aafd4896e') in 0.057466 seconds 
  Import took 0.074605 seconds .

========================================================================
Received Import Request.
  Time since last request: 0.000513 seconds.
  path: Assets/arfoundation-samples-main/Assets/Scenes/ImageTracking/Prefabs/FireFliesPrefab/Textures/FireFlyAlbedo.tif
  artifactKey: Guid(22f3fc6e1558b7a45ad656281e20285a) Importer(815301076,1909f56bfc062723c751e8b465ee728b)
Start importing Assets/arfoundation-samples-main/Assets/Scenes/ImageTracking/Prefabs/FireFliesPrefab/Textures/FireFlyAlbedo.tif using Guid(22f3fc6e1558b7a45ad656281e20285a) Importer(815301076,1909f56bfc062723c751e8b465ee728b)  -> (artifact id: 'a38005fafeb47d2e4670b895a1ea834e') in 0.028686 seconds 
  Import took 0.042213 seconds .

========================================================================
Received Import Request.
  Time since last request: 0.000479 seconds.
  path: Assets/arfoundation-samples-main/Assets/Prefabs/robot/biped_robot_ace_1003_ao.png
  artifactKey: Guid(1463c32a832954a5f88735337d734e3a) Importer(815301076,1909f56bfc062723c751e8b465ee728b)
Start importing Assets/arfoundation-samples-main/Assets/Prefabs/robot/biped_robot_ace_1003_ao.png using Guid(1463c32a832954a5f88735337d734e3a) Importer(815301076,1909f56bfc062723c751e8b465ee728b)  -> (artifact id: 'dcfda55aa238d0a9f598d29f77679862') in 0.110771 seconds 
  Import took 0.126401 seconds .

========================================================================
Received Import Request.
  Time since last request: 0.000397 seconds.
  path: Assets/arfoundation-samples-main/Assets/Prefabs/robot/biped_robot_ace_1002_n.png
  artifactKey: Guid(4d5a4037f642f41d58e8cb96feeef05c) Importer(815301076,1909f56bfc062723c751e8b465ee728b)
Start importing Assets/arfoundation-samples-main/Assets/Prefabs/robot/biped_robot_ace_1002_n.png using Guid(4d5a4037f642f41d58e8cb96feeef05c) Importer(815301076,1909f56bfc062723c751e8b465ee728b)  -> (artifact id: 'ce7106f0fa874bd0710b0aea7522d178') in 0.111247 seconds 
  Import took 0.120076 seconds .

========================================================================
Received Import Request.
  Time since last request: 0.000381 seconds.
  path: Assets/TextMesh Pro/Examples & Extras/Fonts/Anton.ttf
  artifactKey: Guid(997a43b767814dd0a7642ec9b78cba41) Importer(815301076,1909f56bfc062723c751e8b465ee728b)
Start importing Assets/TextMesh Pro/Examples & Extras/Fonts/Anton.ttf using Guid(997a43b767814dd0a7642ec9b78cba41) Importer(815301076,1909f56bfc062723c751e8b465ee728b)  -> (artifact id: '97f68e3129640fc077f9ec643eb6b3f9') in 0.040909 seconds 
  Import took 0.059904 seconds .

========================================================================
Received Import Request.
  Time since last request: 0.000655 seconds.
  path: Assets/TextMesh Pro/Examples & Extras/Textures/Mask Zig-n-Zag.psd
  artifactKey: Guid(bb8dfcd263ad4eb383a33d74a720be6f) Importer(815301076,1909f56bfc062723c751e8b465ee728b)
Start importing Assets/TextMesh Pro/Examples & Extras/Textures/Mask Zig-n-Zag.psd using Guid(bb8dfcd263ad4eb383a33d74a720be6f) Importer(815301076,1909f56bfc062723c751e8b465ee728b)  -> (artifact id: 'b4f4deb99ed15ae27933453729add37d') in 1.612221 seconds 
  Import took 1.622153 seconds .

========================================================================
Received Import Request.
  Time since last request: 0.006343 seconds.
  path: Assets/arfoundation-samples-main/Assets/Textures/PlanePatternDot.png
  artifactKey: Guid(cf0c720f1ba9b47e293f4b9bcfb2ecb4) Importer(815301076,1909f56bfc062723c751e8b465ee728b)
Start importing Assets/arfoundation-samples-main/Assets/Textures/PlanePatternDot.png using Guid(cf0c720f1ba9b47e293f4b9bcfb2ecb4) Importer(815301076,1909f56bfc062723c751e8b465ee728b)  -> (artifact id: '182fe990b7ed0811e7ea0652a4348a99') in 0.054498 seconds 
  Import took 0.065244 seconds .

========================================================================
Received Import Request.
  Time since last request: 0.000522 seconds.
  path: Assets/TextMesh Pro/Examples & Extras/Textures/Gradient Vertical (Color).jpg
  artifactKey: Guid(03d0538de6e24c0f819bfc9ce084dfa9) Importer(815301076,1909f56bfc062723c751e8b465ee728b)
Start importing Assets/TextMesh Pro/Examples & Extras/Textures/Gradient Vertical (Color).jpg using Guid(03d0538de6e24c0f819bfc9ce084dfa9) Importer(815301076,1909f56bfc062723c751e8b465ee728b)  -> (artifact id: '3e5d224deb45a389670e0a7f660844e6') in 0.025396 seconds 
  Import took 0.037677 seconds .

========================================================================
Received Import Request.
  Time since last request: 0.000653 seconds.
  path: Assets/arfoundation-samples-main/Assets/Scenes/Object Tracking/Printable Templates/CanWrapUnity.png
  artifactKey: Guid(e1de24cfe11c44e79b972194969fd679) Importer(815301076,1909f56bfc062723c751e8b465ee728b)
Start importing Assets/arfoundation-samples-main/Assets/Scenes/Object Tracking/Printable Templates/CanWrapUnity.png using Guid(e1de24cfe11c44e79b972194969fd679) Importer(815301076,1909f56bfc062723c751e8b465ee728b)  -> (artifact id: '1415c9d6a93c82714e40d09c1d712db9') in 0.413886 seconds 
  Import took 0.426825 seconds .

========================================================================
Received Import Request.
  Time since last request: 0.000519 seconds.
  path: Assets/arfoundation-samples-main/Assets/Prefabs/robot/biped_robot_ace_1001_m.png
  artifactKey: Guid(61710e9a6b16e432cb25347bb8453b27) Importer(815301076,1909f56bfc062723c751e8b465ee728b)
Start importing Assets/arfoundation-samples-main/Assets/Prefabs/robot/biped_robot_ace_1001_m.png using Guid(61710e9a6b16e432cb25347bb8453b27) Importer(815301076,1909f56bfc062723c751e8b465ee728b)  -> (artifact id: '2a5f47992b10d278204962256fc04b12') in 0.401925 seconds 
  Import took 0.412262 seconds .

========================================================================
Received Import Request.
  Time since last request: 0.000526 seconds.
  path: Assets/TextMesh Pro/Examples & Extras/Textures/Gradient Horizontal (Color).jpg
  artifactKey: Guid(6eb184de103d4b3f812b38561065192f) Importer(815301076,1909f56bfc062723c751e8b465ee728b)
Start importing Assets/TextMesh Pro/Examples & Extras/Textures/Gradient Horizontal (Color).jpg using Guid(6eb184de103d4b3f812b38561065192f) Importer(815301076,1909f56bfc062723c751e8b465ee728b)  -> (artifact id: '84e231ed1c99384c878d1b33f3395ebf') in 0.010461 seconds 
  Import took 0.019653 seconds .

========================================================================
Received Import Request.
  Time since last request: 0.000445 seconds.
  path: Assets/arfoundation-samples-main/Assets/Prefabs/robot/biped_robot_ace_1003_r.png
  artifactKey: Guid(e1b7d3e9f2f664e8098a23bcc5c2f5a1) Importer(815301076,1909f56bfc062723c751e8b465ee728b)
Start importing Assets/arfoundation-samples-main/Assets/Prefabs/robot/biped_robot_ace_1003_r.png using Guid(e1b7d3e9f2f664e8098a23bcc5c2f5a1) Importer(815301076,1909f56bfc062723c751e8b465ee728b)  -> (artifact id: '254716312dee29d38363057eb07c7544') in 0.090627 seconds 
  Import took 0.100141 seconds .

========================================================================
Received Import Request.
  Time since last request: 0.000495 seconds.
  path: Assets/TextMesh Pro/Examples & Extras/Textures/Gradient Diagonal (Color).jpg
  artifactKey: Guid(2ce5c55e85304b819a1826ecbc839aa5) Importer(815301076,1909f56bfc062723c751e8b465ee728b)
Start importing Assets/TextMesh Pro/Examples & Extras/Textures/Gradient Diagonal (Color).jpg using Guid(2ce5c55e85304b819a1826ecbc839aa5) Importer(815301076,1909f56bfc062723c751e8b465ee728b)  -> (artifact id: 'e1b7994187947c164fdea91b5c882f88') in 0.010341 seconds 
  Import took 0.018266 seconds .

========================================================================
Received Import Request.
  Time since last request: 0.000477 seconds.
  path: Assets/UI Toolkit/UnityThemes/UnityDefaultRuntimeTheme.tss
  artifactKey: Guid(2c62afe535d4741beba9e95df68e70ee) Importer(815301076,1909f56bfc062723c751e8b465ee728b)
Start importing Assets/UI Toolkit/UnityThemes/UnityDefaultRuntimeTheme.tss using Guid(2c62afe535d4741beba9e95df68e70ee) Importer(815301076,1909f56bfc062723c751e8b465ee728b)  -> (artifact id: '5c94b3037717ff667582a8969709ca4f') in 0.575963 seconds 
  Import took 0.584656 seconds .

========================================================================
Received Import Request.
  Time since last request: 0.003318 seconds.
  path: Assets/arfoundation-samples-main/Assets/Prefabs/robot/biped_robot_ace_1003_n.png
  artifactKey: Guid(d05c16e3d426d40c2adb9375c8ca6a12) Importer(815301076,1909f56bfc062723c751e8b465ee728b)
Start importing Assets/arfoundation-samples-main/Assets/Prefabs/robot/biped_robot_ace_1003_n.png using Guid(d05c16e3d426d40c2adb9375c8ca6a12) Importer(815301076,1909f56bfc062723c751e8b465ee728b)  -> (artifact id: 'd8c91e1702b1bd5c2ed6c043f96b90a8') in 0.130452 seconds 
  Import took 0.140233 seconds .

========================================================================
Received Import Request.
  Time since last request: 0.000483 seconds.
  path: Assets/arfoundation-samples-main/Assets/Prefabs/robot/biped_robot_ace_1001_bc.png
  artifactKey: Guid(11105031643464a7fbacc252c36d4993) Importer(815301076,1909f56bfc062723c751e8b465ee728b)
Start importing Assets/arfoundation-samples-main/Assets/Prefabs/robot/biped_robot_ace_1001_bc.png using Guid(11105031643464a7fbacc252c36d4993) Importer(815301076,1909f56bfc062723c751e8b465ee728b)  -> (artifact id: 'c56b39fbd86cf99d5d9984e77e8a34d7') in 0.366332 seconds 
  Import took 0.374959 seconds .

========================================================================
Received Import Request.
  Time since last request: 0.000463 seconds.
  path: Assets/arfoundation-samples-main/Assets/Scenes/ImageTracking/Prefabs/FireFliesPrefab/Textures/FireFlyWings.png
  artifactKey: Guid(b4106b3c439d6634ba6878ffd5fb1761) Importer(815301076,1909f56bfc062723c751e8b465ee728b)
Start importing Assets/arfoundation-samples-main/Assets/Scenes/ImageTracking/Prefabs/FireFliesPrefab/Textures/FireFlyWings.png using Guid(b4106b3c439d6634ba6878ffd5fb1761) Importer(815301076,1909f56bfc062723c751e8b465ee728b)  -> (artifact id: '0b53ccb5ae7b4d88b924b4979cd90205') in 0.017288 seconds 
  Import took 0.026782 seconds .

========================================================================
Received Import Request.
  Time since last request: 0.000423 seconds.
  path: Assets/TextMesh Pro/Examples & Extras/Sprites/DropCap Numbers.psd
  artifactKey: Guid(fd09957580ac4326916010f1f260975b) Importer(815301076,1909f56bfc062723c751e8b465ee728b)
Start importing Assets/TextMesh Pro/Examples & Extras/Sprites/DropCap Numbers.psd using Guid(fd09957580ac4326916010f1f260975b) Importer(815301076,1909f56bfc062723c751e8b465ee728b)  -> (artifact id: '1e67e18520bcae3ca3acc0539ce35d90') in 0.030928 seconds 
  Import took 0.039492 seconds .

========================================================================
Received Import Request.
  Time since last request: 0.000438 seconds.
  path: Assets/arfoundation-samples-main/Assets/Prefabs/robot/biped_robot_ace_1003_m.png
  artifactKey: Guid(ae6842f0959154e04972ccbe29c92d54) Importer(815301076,1909f56bfc062723c751e8b465ee728b)
Start importing Assets/arfoundation-samples-main/Assets/Prefabs/robot/biped_robot_ace_1003_m.png using Guid(ae6842f0959154e04972ccbe29c92d54) Importer(815301076,1909f56bfc062723c751e8b465ee728b)  -> (artifact id: '6494c82cd89f239f4bfb284ce8d2eb50') in 0.094739 seconds 
  Import took 0.104705 seconds .

========================================================================
Received Import Request.
  Time since last request: 0.000433 seconds.
  path: Assets/arfoundation-samples-main/Assets/Prefabs/robot/biped_robot_ace_1002_m.metalicRough.png
  artifactKey: Guid(82af1fbcd32954d1f9eae4553f58ebc4) Importer(815301076,1909f56bfc062723c751e8b465ee728b)
Start importing Assets/arfoundation-samples-main/Assets/Prefabs/robot/biped_robot_ace_1002_m.metalicRough.png using Guid(82af1fbcd32954d1f9eae4553f58ebc4) Importer(815301076,1909f56bfc062723c751e8b465ee728b)  -> (artifact id: '01c2b91b864b7dbf7ce429168e71063a') in 0.103059 seconds 
  Import took 0.112084 seconds .

========================================================================
Received Import Request.
  Time since last request: 0.000489 seconds.
  path: Assets/arfoundation-samples-main/Assets/Scenes/Object Tracking/Printable Templates/CubeTemplatePNG.png
  artifactKey: Guid(213c56a61c00b47ff9bc9227b469f484) Importer(815301076,1909f56bfc062723c751e8b465ee728b)
Start importing Assets/arfoundation-samples-main/Assets/Scenes/Object Tracking/Printable Templates/CubeTemplatePNG.png using Guid(213c56a61c00b47ff9bc9227b469f484) Importer(815301076,1909f56bfc062723c751e8b465ee728b)  -> (artifact id: 'bc155dd228b0ea64017a4d796703200a') in 0.097679 seconds 
  Import took 0.106153 seconds .

========================================================================
Received Import Request.
  Time since last request: 0.000529 seconds.
  path: Assets/arfoundation-samples-main/Assets/Prefabs/robot/biped_robot_ace_1002_bc.png
  artifactKey: Guid(17f16e2d29e6a45078b187e012f52d50) Importer(815301076,1909f56bfc062723c751e8b465ee728b)
Start importing Assets/arfoundation-samples-main/Assets/Prefabs/robot/biped_robot_ace_1002_bc.png using Guid(17f16e2d29e6a45078b187e012f52d50) Importer(815301076,1909f56bfc062723c751e8b465ee728b)  -> (artifact id: '835a9e7a8e8ef9d99d0afc95475b10dd') in 0.103897 seconds 
  Import took 0.113661 seconds .

========================================================================
Received Import Request.
  Time since last request: 0.000475 seconds.
  path: Assets/TextMesh Pro/Sprites/EmojiOne.png
  artifactKey: Guid(dffef66376be4fa480fb02b19edbe903) Importer(815301076,1909f56bfc062723c751e8b465ee728b)
Start importing Assets/TextMesh Pro/Sprites/EmojiOne.png using Guid(dffef66376be4fa480fb02b19edbe903) Importer(815301076,1909f56bfc062723c751e8b465ee728b)  -> (artifact id: '0a2d338b594a4735c801b360d70f1b81') in 0.037478 seconds 
  Import took 0.047090 seconds .

========================================================================
Received Import Request.
  Time since last request: 0.000421 seconds.
  path: Assets/arfoundation-samples-main/Assets/Prefabs/robot/biped_robot_ace_1001_n.png
  artifactKey: Guid(1d285287bfb564ff3a963271f88e37a6) Importer(815301076,1909f56bfc062723c751e8b465ee728b)
Start importing Assets/arfoundation-samples-main/Assets/Prefabs/robot/biped_robot_ace_1001_n.png using Guid(1d285287bfb564ff3a963271f88e37a6) Importer(815301076,1909f56bfc062723c751e8b465ee728b)  -> (artifact id: '53610ec9a0001d986fa5f869abd41676') in 0.350999 seconds 
  Import took 0.360763 seconds .

========================================================================
Received Import Request.
  Time since last request: 0.000486 seconds.
  path: Assets/TextMesh Pro/Examples & Extras/Fonts/Electronic Highway Sign.TTF
  artifactKey: Guid(8a2b9e2a607dd2143b58c44bc32410b4) Importer(815301076,1909f56bfc062723c751e8b465ee728b)
Start importing Assets/TextMesh Pro/Examples & Extras/Fonts/Electronic Highway Sign.TTF using Guid(8a2b9e2a607dd2143b58c44bc32410b4) Importer(815301076,1909f56bfc062723c751e8b465ee728b)  -> (artifact id: '5ffdfae85ed7e284d13e360ce9f96c58') in 2.743740 seconds 
  Import took 2.752277 seconds .

========================================================================
Received Import Request.
  Time since last request: 0.005981 seconds.
  path: Assets/arfoundation-samples-main/Assets/Scenes/ImageTracking/Images/one.png
  artifactKey: Guid(d1879707d69d24adfb421bde69c92c94) Importer(815301076,1909f56bfc062723c751e8b465ee728b)
Start importing Assets/arfoundation-samples-main/Assets/Scenes/ImageTracking/Images/one.png using Guid(d1879707d69d24adfb421bde69c92c94) Importer(815301076,1909f56bfc062723c751e8b465ee728b)  -> (artifact id: 'f291aa953d62312a9f13df3f04a0bc8f') in 0.018431 seconds 
  Import took 0.028810 seconds .

========================================================================
Received Import Request.
  Time since last request: 0.000457 seconds.
  path: Assets/TextMesh Pro/Examples & Extras/Textures/Fruit Jelly (B&W).jpg
  artifactKey: Guid(1cdc5b506b1a4a33a53c30669ced1f51) Importer(815301076,1909f56bfc062723c751e8b465ee728b)
Start importing Assets/TextMesh Pro/Examples & Extras/Textures/Fruit Jelly (B&W).jpg using Guid(1cdc5b506b1a4a33a53c30669ced1f51) Importer(815301076,1909f56bfc062723c751e8b465ee728b)  -> (artifact id: '918926b33e1af268cdd859a388ea0f12') in 0.033921 seconds 
  Import took 0.043235 seconds .

========================================================================
Received Import Request.
  Time since last request: 0.000512 seconds.
  path: Assets/arfoundation-samples-main/Assets/Prefabs/robot/biped_robot_ace_1002_r.png
  artifactKey: Guid(607fefe4fef0a4e7fa000f3ca6754edb) Importer(815301076,1909f56bfc062723c751e8b465ee728b)
Start importing Assets/arfoundation-samples-main/Assets/Prefabs/robot/biped_robot_ace_1002_r.png using Guid(607fefe4fef0a4e7fa000f3ca6754edb) Importer(815301076,1909f56bfc062723c751e8b465ee728b)  -> (artifact id: 'cfcd8b3818d32abfbf15ea514741bec8') in 0.103438 seconds 
  Import took 0.112894 seconds .

========================================================================
Received Import Request.
  Time since last request: 0.000513 seconds.
  path: Assets/arfoundation-samples-main/Assets/Prefabs/robot/biped_robot_ace_1001_m.metalicRough.png
  artifactKey: Guid(a5a47ea42ebeb4627b6eade898dc33cc) Importer(815301076,1909f56bfc062723c751e8b465ee728b)
Start importing Assets/arfoundation-samples-main/Assets/Prefabs/robot/biped_robot_ace_1001_m.metalicRough.png using Guid(a5a47ea42ebeb4627b6eade898dc33cc) Importer(815301076,1909f56bfc062723c751e8b465ee728b)  -> (artifact id: 'f72c864bf70e55f34c7bca3da846ca54') in 0.376006 seconds 
  Import took 0.385054 seconds .

========================================================================
Received Import Request.
  Time since last request: 0.000545 seconds.
  path: Assets/TextMesh Pro/Examples & Extras/Fonts/Bangers.ttf
  artifactKey: Guid(5dd49b3eacc540408c98eee0de38e0f1) Importer(815301076,1909f56bfc062723c751e8b465ee728b)
Start importing Assets/TextMesh Pro/Examples & Extras/Fonts/Bangers.ttf using Guid(5dd49b3eacc540408c98eee0de38e0f1) Importer(815301076,1909f56bfc062723c751e8b465ee728b)  -> (artifact id: 'b1a50489bfc68a140bcfc1c98cceb743') in 0.028485 seconds 
  Import took 0.038046 seconds .

========================================================================
Received Import Request.
  Time since last request: 0.000476 seconds.
  path: Assets/TextMesh Pro/Examples & Extras/Resources/Fonts & Materials/Oswald Bold SDF.asset
  artifactKey: Guid(0161d805a3764c089bef00bfe00793f5) Importer(815301076,1909f56bfc062723c751e8b465ee728b)
Start importing Assets/TextMesh Pro/Examples & Extras/Resources/Fonts & Materials/Oswald Bold SDF.asset using Guid(0161d805a3764c089bef00bfe00793f5) Importer(815301076,1909f56bfc062723c751e8b465ee728b)  -> (artifact id: 'd214e28bdeb8e7d744101e38a9ef9c0f') in 0.170944 seconds 
  Import took 0.179459 seconds .

========================================================================
Received Import Request.
  Time since last request: 0.000463 seconds.
  path: Assets/arfoundation-samples-main/Assets/Prefabs/robot/biped_robot_ace_1002_ao.png
  artifactKey: Guid(dc52bc377ea9448c7a837221b46faea6) Importer(815301076,1909f56bfc062723c751e8b465ee728b)
Start importing Assets/arfoundation-samples-main/Assets/Prefabs/robot/biped_robot_ace_1002_ao.png using Guid(dc52bc377ea9448c7a837221b46faea6) Importer(815301076,1909f56bfc062723c751e8b465ee728b)  -> (artifact id: 'be5f56d08410cfa6f5829f809de9ba31') in 0.112379 seconds 
  Import took 0.121157 seconds .

========================================================================
Received Import Request.
  Time since last request: 0.000504 seconds.
  path: Assets/arfoundation-samples-main/Assets/Prefabs/robot/biped_robot_ace_1001_ao.png
  artifactKey: Guid(7fcb38a0e4502490384b23d50460bcce) Importer(815301076,1909f56bfc062723c751e8b465ee728b)
Start importing Assets/arfoundation-samples-main/Assets/Prefabs/robot/biped_robot_ace_1001_ao.png using Guid(7fcb38a0e4502490384b23d50460bcce) Importer(815301076,1909f56bfc062723c751e8b465ee728b)  -> (artifact id: '5ac687bcd00d813404a55f5ad5aa30ff') in 0.425862 seconds 
  Import took 0.435977 seconds .

========================================================================
Received Import Request.
  Time since last request: 0.000476 seconds.
  path: Assets/TextMesh Pro/Examples & Extras/Textures/Floor Cement.jpg
  artifactKey: Guid(283f897e4925411ebbaa758b4cb13fc2) Importer(815301076,1909f56bfc062723c751e8b465ee728b)
Start importing Assets/TextMesh Pro/Examples & Extras/Textures/Floor Cement.jpg using Guid(283f897e4925411ebbaa758b4cb13fc2) Importer(815301076,1909f56bfc062723c751e8b465ee728b)  -> (artifact id: 'e80b9ae311f46cada1e179bec586f364') in 0.069808 seconds 
  Import took 0.081834 seconds .

========================================================================
Received Import Request.
  Time since last request: 0.000582 seconds.
  path: Assets/arfoundation-samples-main/Assets/Textures/FeaturePoint.png
  artifactKey: Guid(c8240f56f5bca4387a34716c42b57c76) Importer(815301076,1909f56bfc062723c751e8b465ee728b)
Start importing Assets/arfoundation-samples-main/Assets/Textures/FeaturePoint.png using Guid(c8240f56f5bca4387a34716c42b57c76) Importer(815301076,1909f56bfc062723c751e8b465ee728b)  -> (artifact id: '3d15dd41210f35fe6a62da0a74136a87') in 0.030192 seconds 
  Import took 0.043641 seconds .

========================================================================
Received Prepare
Refreshing native plugins compatible for Editor in 13.40 ms, found 3 plugins.
Preloading 0 native plugins for Editor in 0.00 ms.
Unloading 24 Unused Serialized files (Serialized files now loaded: 0)
System memory in use before: 202.2 MB.
System memory in use after: 202.4 MB.

Unloading 24 unused Assets to reduce memory usage. Loaded Objects now: 3569.
Total: 7.900554 ms (FindLiveObjects: 0.535829 ms CreateObjectMapping: 0.285104 ms MarkObjects: 6.930043 ms  DeleteObjects: 0.147952 ms)

AssetImportParameters requested are different than current active one (requested -> active):
  custom:video-decoder-ogg-theora: a1e56fd34408186e4bbccfd4996cb3dc -> 
  custom:container-muxer-webm: aa71ff27fc2769a1b78a27578f13a17b -> 
  custom:container-demuxer-webm: 4f35f7cbe854078d1ac9338744f61a02 -> 
  custom:container-demuxer-ogg: 62fdf1f143b41e24485cea50d1cbac27 -> 
  custom:video-encoder-webm-vp8: eb34c28f22e8b96e1ab97ce403110664 -> 
  custom:framework-osx-AVFoundation: e770b220cccbd017edd2c1fefb359320 -> 
  custom:video-decoder-webm-vp8: 9c59270c3fd7afecdb556c50c9e8de78 -> 
  custom:audio-decoder-ogg-vorbis: bf7c407c2cedff20999df2af8eb42d56 -> 
  custom:audio-encoder-webm-vorbis: bf7c407c2cedff20999df2af8eb42d56 -> 
========================================================================
Received Import Request.
  Time since last request: 851.819860 seconds.
  path: Assets/Materials/Images
  artifactKey: Guid(4b0b26f1546c7463a8ac016d24e75ab6) Importer(815301076,1909f56bfc062723c751e8b465ee728b)
Start importing Assets/Materials/Images using Guid(4b0b26f1546c7463a8ac016d24e75ab6) Importer(815301076,1909f56bfc062723c751e8b465ee728b)  -> (artifact id: '5ccd6f1001e59fcce92bcfee093c7ced') in 0.007927 seconds 
  Import took 0.025599 seconds .

========================================================================
Received Import Request.
  Time since last request: 67.304917 seconds.
  path: Assets/Materials/Images/pexels-adrien-olichon-2387532.jpg
  artifactKey: Guid(72bf8231d781c4c91bfdd69174ffccf4) Importer(815301076,1909f56bfc062723c751e8b465ee728b)
Start importing Assets/Materials/Images/pexels-adrien-olichon-2387532.jpg using Guid(72bf8231d781c4c91bfdd69174ffccf4) Importer(815301076,1909f56bfc062723c751e8b465ee728b)  -> (artifact id: '196bbc41c2872c2ae07d6737de860b38') in 0.557793 seconds 
  Import took 0.568519 seconds .

========================================================================
Received Import Request.
  Time since last request: 88.685727 seconds.
  path: Assets/Materials/Images/backgroundLines.jpg
  artifactKey: Guid(72bf8231d781c4c91bfdd69174ffccf4) Importer(815301076,1909f56bfc062723c751e8b465ee728b)
Start importing Assets/Materials/Images/backgroundLines.jpg using Guid(72bf8231d781c4c91bfdd69174ffccf4) Importer(815301076,1909f56bfc062723c751e8b465ee728b)  -> (artifact id: 'f2dedf927999b7ffdce552ceaa172090') in 0.787037 seconds 
  Import took 0.806593 seconds .

========================================================================
Received Import Request.
  Time since last request: 54.566373 seconds.
  path: Assets/Materials/Images/backgroundLines.jpg
  artifactKey: Guid(72bf8231d781c4c91bfdd69174ffccf4) Importer(815301076,1909f56bfc062723c751e8b465ee728b)
Start importing Assets/Materials/Images/backgroundLines.jpg using Guid(72bf8231d781c4c91bfdd69174ffccf4) Importer(815301076,1909f56bfc062723c751e8b465ee728b)  -> (artifact id: '28d93b678ea41878cd74ed61505717ba') in 0.083363 seconds 
  Import took 0.094104 seconds .

========================================================================
Received Import Request.
  Time since last request: 154.461971 seconds.
  path: Assets/Materials/Images/pexels-gradienta-7130466.jpg
  artifactKey: Guid(007b6b52a62ed4d869110eea4b2d0ff4) Importer(815301076,1909f56bfc062723c751e8b465ee728b)
Start importing Assets/Materials/Images/pexels-gradienta-7130466.jpg using Guid(007b6b52a62ed4d869110eea4b2d0ff4) Importer(815301076,1909f56bfc062723c751e8b465ee728b)  -> (artifact id: '2c47ddcf7223a6f1bc38abd80e67d1ab') in 0.506140 seconds 
  Import took 0.538357 seconds .

========================================================================
Received Import Request.
  Time since last request: 30.505672 seconds.
  path: Assets/Materials/Images/backgroundGradient.jpg
  artifactKey: Guid(007b6b52a62ed4d869110eea4b2d0ff4) Importer(815301076,1909f56bfc062723c751e8b465ee728b)
Start importing Assets/Materials/Images/backgroundGradient.jpg using Guid(007b6b52a62ed4d869110eea4b2d0ff4) Importer(815301076,1909f56bfc062723c751e8b465ee728b)  -> (artifact id: '421f2511693d1f840d69b2ba5be684b4') in 0.417302 seconds 
  Import took 0.427108 seconds .

========================================================================
Received Prepare
Registering precompiled user dll's ...
Registered in 0.018710 seconds.
ASSEMBLY OVERRIDES: * override found for Unity assembly UnityEngine.UIElementsModule.dll (override path Library/ScriptAssemblies/UnityEngine.UIElementsModule.dll)
ASSEMBLY OVERRIDES: * override found for Unity assembly UnityEditor.UIElementsModule.dll (override path Library/ScriptAssemblies/UnityEditor.UIElementsModule.dll)
ASSEMBLY OVERRIDES: * override found for Unity assembly UnityEngine.UIElementsModule.dll (override path Library/ScriptAssemblies/UnityEngine.UIElementsModule.dll)
ASSEMBLY OVERRIDES: * override found for Unity assembly UnityEditor.UIElementsModule.dll (override path Library/ScriptAssemblies/UnityEditor.UIElementsModule.dll)
Begin MonoManager ReloadAssembly
ASSEMBLY OVERRIDES: * override found for Unity assembly UnityEngine.UIElementsModule.dll (override path Library/ScriptAssemblies/UnityEngine.UIElementsModule.dll)
ASSEMBLY OVERRIDES: * override found for Unity assembly UnityEditor.UIElementsModule.dll (override path Library/ScriptAssemblies/UnityEditor.UIElementsModule.dll)
Symbol file LoadedFromMemory is not a mono symbol file
Native extension for OSXStandalone target not found
Refreshing native plugins compatible for Editor in 1.46 ms, found 3 plugins.
Preloading 0 native plugins for Editor in 0.00 ms.
ASSEMBLY OVERRIDES: * override found for Unity assembly UnityEngine.UIElementsModule.dll (override path Library/ScriptAssemblies/UnityEngine.UIElementsModule.dll)
ASSEMBLY OVERRIDES: * override found for Unity assembly UnityEditor.UIElementsModule.dll (override path Library/ScriptAssemblies/UnityEditor.UIElementsModule.dll)
Instance of UnityEngine.XR.MagicLeap.MagicLeapLoader couldn't be created because there is no script with that name.
UnityEngine.StackTraceUtility:ExtractStackTrace () (at /Users/bokken/buildslave/unity/build/Runtime/Export/Scripting/StackTrace.cs:37)
UnityEngine.ScriptableObject:CreateInstance (string) (at /Users/bokken/buildslave/unity/build/Runtime/Export/Scripting/ScriptableObject.bindings.cs:28)
UnityEditor.XR.Management.EditorUtilities:CreateScriptableObjectInstance (string,string) (at Library/PackageCache/com.unity.xr.management@4.0.7/Editor/EditorUtilities.cs:95)
UnityEditor.XR.Management.XRPackageInitializationBootstrap:InitializeLoaderFromMetadata (string,System.Collections.Generic.List`1<UnityEditor.XR.Management.Metadata.IXRLoaderMetadata>) (at Library/PackageCache/com.unity.xr.management@4.0.7/Editor/XRPackageInitialization.cs:152)
UnityEditor.XR.Management.XRPackageInitializationBootstrap:InitializePackageFromMetadata (UnityEditor.XR.Management.Metadata.IXRPackage,UnityEditor.XR.Management.Metadata.IXRPackageMetadata) (at Library/PackageCache/com.unity.xr.management@4.0.7/Editor/XRPackageInitialization.cs:129)
UnityEditor.XR.Management.XRPackageInitializationBootstrap:InitPackage (UnityEditor.XR.Management.Metadata.IXRPackage) (at Library/PackageCache/com.unity.xr.management@4.0.7/Editor/XRPackageInitialization.cs:118)
UnityEditor.XR.Management.XRPackageInitializationBootstrap:BeginPackageInitialization () (at Library/PackageCache/com.unity.xr.management@4.0.7/Editor/XRPackageInitialization.cs:87)
UnityEditor.XR.Management.XRPackageInitializationBootstrap:.cctor () (at Library/PackageCache/com.unity.xr.management@4.0.7/Editor/XRPackageInitialization.cs:50)
System.Runtime.CompilerServices.RuntimeHelpers:RunClassConstructor (System.RuntimeTypeHandle)
UnityEditor.EditorAssemblies:ProcessInitializeOnLoadAttributes (System.Type[]) (at /Users/bokken/buildslave/unity/build/Editor/Mono/EditorAssemblies.cs:134)

[Library/PackageCache/com.unity.xr.management@4.0.7/Editor/EditorUtilities.cs line 95]

We were unable to create an instance of the requested type UnityEngine.XR.MagicLeap.MagicLeapLoader. Please make sure that all packages are updated to support this version of XR Plug-In Management. See the Unity documentation for XR Plug-In Management for information on resolving this issue.
UnityEngine.StackTraceUtility:ExtractStackTrace () (at /Users/bokken/buildslave/unity/build/Runtime/Export/Scripting/StackTrace.cs:37)
UnityEngine.DebugLogHandler:LogFormat (UnityEngine.LogType,UnityEngine.Object,string,object[])
UnityEngine.Logger:Log (UnityEngine.LogType,object)
UnityEngine.Debug:LogError (object)
UnityEditor.XR.Management.EditorUtilities:CreateScriptableObjectInstance (string,string) (at Library/PackageCache/com.unity.xr.management@4.0.7/Editor/EditorUtilities.cs:108)
UnityEditor.XR.Management.XRPackageInitializationBootstrap:InitializeLoaderFromMetadata (string,System.Collections.Generic.List`1<UnityEditor.XR.Management.Metadata.IXRLoaderMetadata>) (at Library/PackageCache/com.unity.xr.management@4.0.7/Editor/XRPackageInitialization.cs:152)
UnityEditor.XR.Management.XRPackageInitializationBootstrap:InitializePackageFromMetadata (UnityEditor.XR.Management.Metadata.IXRPackage,UnityEditor.XR.Management.Metadata.IXRPackageMetadata) (at Library/PackageCache/com.unity.xr.management@4.0.7/Editor/XRPackageInitialization.cs:129)
UnityEditor.XR.Management.XRPackageInitializationBootstrap:InitPackage (UnityEditor.XR.Management.Metadata.IXRPackage) (at Library/PackageCache/com.unity.xr.management@4.0.7/Editor/XRPackageInitialization.cs:118)
UnityEditor.XR.Management.XRPackageInitializationBootstrap:BeginPackageInitialization () (at Library/PackageCache/com.unity.xr.management@4.0.7/Editor/XRPackageInitialization.cs:87)
UnityEditor.XR.Management.XRPackageInitializationBootstrap:.cctor () (at Library/PackageCache/com.unity.xr.management@4.0.7/Editor/XRPackageInitialization.cs:50)
System.Runtime.CompilerServices.RuntimeHelpers:RunClassConstructor (System.RuntimeTypeHandle)
UnityEditor.EditorAssemblies:ProcessInitializeOnLoadAttributes (System.Type[]) (at /Users/bokken/buildslave/unity/build/Editor/Mono/EditorAssemblies.cs:134)

(Filename: Library/PackageCache/com.unity.xr.management@4.0.7/Editor/EditorUtilities.cs Line: 108)

Error creating instance of loader Magic Leap for package Magic Leap Plugin
UnityEngine.StackTraceUtility:ExtractStackTrace () (at /Users/bokken/buildslave/unity/build/Runtime/Export/Scripting/StackTrace.cs:37)
UnityEngine.DebugLogHandler:LogFormat (UnityEngine.LogType,UnityEngine.Object,string,object[])
UnityEngine.Logger:Log (UnityEngine.LogType,object)
UnityEngine.Debug:LogError (object)
UnityEditor.XR.Management.XRPackageInitializationBootstrap:InitializeLoaderFromMetadata (string,System.Collections.Generic.List`1<UnityEditor.XR.Management.Metadata.IXRLoaderMetadata>) (at Library/PackageCache/com.unity.xr.management@4.0.7/Editor/XRPackageInitialization.cs:157)
UnityEditor.XR.Management.XRPackageInitializationBootstrap:InitializePackageFromMetadata (UnityEditor.XR.Management.Metadata.IXRPackage,UnityEditor.XR.Management.Metadata.IXRPackageMetadata) (at Library/PackageCache/com.unity.xr.management@4.0.7/Editor/XRPackageInitialization.cs:129)
UnityEditor.XR.Management.XRPackageInitializationBootstrap:InitPackage (UnityEditor.XR.Management.Metadata.IXRPackage) (at Library/PackageCache/com.unity.xr.management@4.0.7/Editor/XRPackageInitialization.cs:118)
UnityEditor.XR.Management.XRPackageInitializationBootstrap:BeginPackageInitialization () (at Library/PackageCache/com.unity.xr.management@4.0.7/Editor/XRPackageInitialization.cs:87)
UnityEditor.XR.Management.XRPackageInitializationBootstrap:.cctor () (at Library/PackageCache/com.unity.xr.management@4.0.7/Editor/XRPackageInitialization.cs:50)
System.Runtime.CompilerServices.RuntimeHelpers:RunClassConstructor (System.RuntimeTypeHandle)
UnityEditor.EditorAssemblies:ProcessInitializeOnLoadAttributes (System.Type[]) (at /Users/bokken/buildslave/unity/build/Editor/Mono/EditorAssemblies.cs:134)

(Filename: Library/PackageCache/com.unity.xr.management@4.0.7/Editor/XRPackageInitialization.cs Line: 157)

Instance of UnityEngine.XR.MagicLeap.MagicLeapLoader couldn't be created because there is no script with that name.
UnityEngine.StackTraceUtility:ExtractStackTrace () (at /Users/bokken/buildslave/unity/build/Runtime/Export/Scripting/StackTrace.cs:37)
UnityEngine.ScriptableObject:CreateInstance (string) (at /Users/bokken/buildslave/unity/build/Runtime/Export/Scripting/ScriptableObject.bindings.cs:28)
UnityEditor.XR.Management.EditorUtilities:CreateScriptableObjectInstance (string,string) (at Library/PackageCache/com.unity.xr.management@4.0.7/Editor/EditorUtilities.cs:95)
UnityEditor.XR.Management.XRPackageInitializationBootstrap:InitializeLoaderFromMetadata (string,System.Collections.Generic.List`1<UnityEditor.XR.Management.Metadata.IXRLoaderMetadata>) (at Library/PackageCache/com.unity.xr.management@4.0.7/Editor/XRPackageInitialization.cs:152)
UnityEditor.XR.Management.XRPackageInitializationBootstrap:InitializePackageFromMetadata (UnityEditor.XR.Management.Metadata.IXRPackage,UnityEditor.XR.Management.Metadata.IXRPackageMetadata) (at Library/PackageCache/com.unity.xr.management@4.0.7/Editor/XRPackageInitialization.cs:129)
UnityEditor.XR.Management.XRPackageInitializationBootstrap:InitPackage (UnityEditor.XR.Management.Metadata.IXRPackage) (at Library/PackageCache/com.unity.xr.management@4.0.7/Editor/XRPackageInitialization.cs:118)
UnityEditor.XR.Management.XRPackageInitializationBootstrap:BeginPackageInitialization () (at Library/PackageCache/com.unity.xr.management@4.0.7/Editor/XRPackageInitialization.cs:87)
UnityEditor.XR.Management.XRPackageInitializationBootstrap:.cctor () (at Library/PackageCache/com.unity.xr.management@4.0.7/Editor/XRPackageInitialization.cs:50)
System.Runtime.CompilerServices.RuntimeHelpers:RunClassConstructor (System.RuntimeTypeHandle)
UnityEditor.EditorAssemblies:ProcessInitializeOnLoadAttributes (System.Type[]) (at /Users/bokken/buildslave/unity/build/Editor/Mono/EditorAssemblies.cs:134)

[Library/PackageCache/com.unity.xr.management@4.0.7/Editor/EditorUtilities.cs line 95]

We were unable to create an instance of the requested type UnityEngine.XR.MagicLeap.MagicLeapLoader. Please make sure that all packages are updated to support this version of XR Plug-In Management. See the Unity documentation for XR Plug-In Management for information on resolving this issue.
UnityEngine.StackTraceUtility:ExtractStackTrace () (at /Users/bokken/buildslave/unity/build/Runtime/Export/Scripting/StackTrace.cs:37)
UnityEngine.DebugLogHandler:LogFormat (UnityEngine.LogType,UnityEngine.Object,string,object[])
UnityEngine.Logger:Log (UnityEngine.LogType,object)
UnityEngine.Debug:LogError (object)
UnityEditor.XR.Management.EditorUtilities:CreateScriptableObjectInstance (string,string) (at Library/PackageCache/com.unity.xr.management@4.0.7/Editor/EditorUtilities.cs:108)
UnityEditor.XR.Management.XRPackageInitializationBootstrap:InitializeLoaderFromMetadata (string,System.Collections.Generic.List`1<UnityEditor.XR.Management.Metadata.IXRLoaderMetadata>) (at Library/PackageCache/com.unity.xr.management@4.0.7/Editor/XRPackageInitialization.cs:152)
UnityEditor.XR.Management.XRPackageInitializationBootstrap:InitializePackageFromMetadata (UnityEditor.XR.Management.Metadata.IXRPackage,UnityEditor.XR.Management.Metadata.IXRPackageMetadata) (at Library/PackageCache/com.unity.xr.management@4.0.7/Editor/XRPackageInitialization.cs:129)
UnityEditor.XR.Management.XRPackageInitializationBootstrap:InitPackage (UnityEditor.XR.Management.Metadata.IXRPackage) (at Library/PackageCache/com.unity.xr.management@4.0.7/Editor/XRPackageInitialization.cs:118)
UnityEditor.XR.Management.XRPackageInitializationBootstrap:BeginPackageInitialization () (at Library/PackageCache/com.unity.xr.management@4.0.7/Editor/XRPackageInitialization.cs:87)
UnityEditor.XR.Management.XRPackageInitializationBootstrap:.cctor () (at Library/PackageCache/com.unity.xr.management@4.0.7/Editor/XRPackageInitialization.cs:50)
System.Runtime.CompilerServices.RuntimeHelpers:RunClassConstructor (System.RuntimeTypeHandle)
UnityEditor.EditorAssemblies:ProcessInitializeOnLoadAttributes (System.Type[]) (at /Users/bokken/buildslave/unity/build/Editor/Mono/EditorAssemblies.cs:134)

(Filename: Library/PackageCache/com.unity.xr.management@4.0.7/Editor/EditorUtilities.cs Line: 108)

Error creating instance of loader Magic Leap Zero Iteration for package Magic Leap Plugin
UnityEngine.StackTraceUtility:ExtractStackTrace () (at /Users/bokken/buildslave/unity/build/Runtime/Export/Scripting/StackTrace.cs:37)
UnityEngine.DebugLogHandler:LogFormat (UnityEngine.LogType,UnityEngine.Object,string,object[])
UnityEngine.Logger:Log (UnityEngine.LogType,object)
UnityEngine.Debug:LogError (object)
UnityEditor.XR.Management.XRPackageInitializationBootstrap:InitializeLoaderFromMetadata (string,System.Collections.Generic.List`1<UnityEditor.XR.Management.Metadata.IXRLoaderMetadata>) (at Library/PackageCache/com.unity.xr.management@4.0.7/Editor/XRPackageInitialization.cs:157)
UnityEditor.XR.Management.XRPackageInitializationBootstrap:InitializePackageFromMetadata (UnityEditor.XR.Management.Metadata.IXRPackage,UnityEditor.XR.Management.Metadata.IXRPackageMetadata) (at Library/PackageCache/com.unity.xr.management@4.0.7/Editor/XRPackageInitialization.cs:129)
UnityEditor.XR.Management.XRPackageInitializationBootstrap:InitPackage (UnityEditor.XR.Management.Metadata.IXRPackage) (at Library/PackageCache/com.unity.xr.management@4.0.7/Editor/XRPackageInitialization.cs:118)
UnityEditor.XR.Management.XRPackageInitializationBootstrap:BeginPackageInitialization () (at Library/PackageCache/com.unity.xr.management@4.0.7/Editor/XRPackageInitialization.cs:87)
UnityEditor.XR.Management.XRPackageInitializationBootstrap:.cctor () (at Library/PackageCache/com.unity.xr.management@4.0.7/Editor/XRPackageInitialization.cs:50)
System.Runtime.CompilerServices.RuntimeHelpers:RunClassConstructor (System.RuntimeTypeHandle)
UnityEditor.EditorAssemblies:ProcessInitializeOnLoadAttributes (System.Type[]) (at /Users/bokken/buildslave/unity/build/Editor/Mono/EditorAssemblies.cs:134)

(Filename: Library/PackageCache/com.unity.xr.management@4.0.7/Editor/XRPackageInitialization.cs Line: 157)

ASSEMBLY OVERRIDES: * override found for Unity assembly UnityEngine.UIElementsModule.dll (override path Library/ScriptAssemblies/UnityEngine.UIElementsModule.dll)
ASSEMBLY OVERRIDES: * override found for Unity assembly UnityEditor.UIElementsModule.dll (override path Library/ScriptAssemblies/UnityEditor.UIElementsModule.dll)
Mono: successfully reloaded assembly
ASSEMBLY OVERRIDES: * override found for Unity assembly UnityEngine.UIElementsModule.dll (override path Library/ScriptAssemblies/UnityEngine.UIElementsModule.dll)
ASSEMBLY OVERRIDES: * override found for Unity assembly UnityEditor.UIElementsModule.dll (override path Library/ScriptAssemblies/UnityEditor.UIElementsModule.dll)
- Completed reload, in  2.848 seconds
Domain Reload Profiling:
	ReloadAssembly (2849ms)
		BeginReloadAssembly (296ms)
			ExecutionOrderSort (0ms)
			DisableScriptedObjects (11ms)
			BackupInstance (0ms)
			ReleaseScriptingObjects (0ms)
			CreateAndSetChildDomain (174ms)
		EndReloadAssembly (2432ms)
			LoadAssemblies (146ms)
			RebuildTransferFunctionScriptingTraits (0ms)
			SetupTypeCache (726ms)
			ReleaseScriptCaches (2ms)
			RebuildScriptCaches (85ms)
			SetupLoadedEditorAssemblies (1237ms)
				LogAssemblyErrors (0ms)
				InitializePlatformSupportModulesInManaged (6ms)
				SetLoadedEditorAssemblies (1ms)
				RefreshPlugins (2ms)
				BeforeProcessingInitializeOnLoad (328ms)
				ProcessInitializeOnLoadAttributes (753ms)
				ProcessInitializeOnLoadMethodAttributes (145ms)
				AfterProcessingInitializeOnLoad (2ms)
				EditorAssembliesLoaded (0ms)
			ExecutionOrderSort2 (0ms)
			AwakeInstancesAfterBackupRestoration (15ms)
Platform modules already initialized, skipping
Switching build target platform(2) subTarget(0) extendedPlatform(0) -> platform(9) subTarget(16777218) extendedPlatform(0)
ASSEMBLY OVERRIDES: * override found for Unity assembly UnityEngine.UIElementsModule.dll (override path Library/ScriptAssemblies/UnityEngine.UIElementsModule.dll)
ASSEMBLY OVERRIDES: * override found for Unity assembly UnityEditor.UIElementsModule.dll (override path Library/ScriptAssemblies/UnityEditor.UIElementsModule.dll)
ASSEMBLY OVERRIDES: * override found for Unity assembly UnityEngine.UIElementsModule.dll (override path Library/ScriptAssemblies/UnityEngine.UIElementsModule.dll)
ASSEMBLY OVERRIDES: * override found for Unity assembly UnityEditor.UIElementsModule.dll (override path Library/ScriptAssemblies/UnityEditor.UIElementsModule.dll)
Refreshing native plugins compatible for Editor in 1.54 ms, found 3 plugins.
Preloading 0 native plugins for Editor in 0.00 ms.
Unloading 3068 Unused Serialized files (Serialized files now loaded: 0)
System memory in use before: 281.5 MB.
System memory in use after: 281.7 MB.

Unloading 117 unused Assets to reduce memory usage. Loaded Objects now: 3575.
Total: 7.204000 ms (FindLiveObjects: 0.596979 ms CreateObjectMapping: 0.419526 ms MarkObjects: 5.954306 ms  DeleteObjects: 0.231753 ms)

AssetImportParameters requested are different than current active one (requested -> active):
  custom:video-decoder-ogg-theora: a1e56fd34408186e4bbccfd4996cb3dc -> 
  custom:container-muxer-webm: aa71ff27fc2769a1b78a27578f13a17b -> 
  custom:container-demuxer-webm: 4f35f7cbe854078d1ac9338744f61a02 -> 
  custom:container-demuxer-ogg: 62fdf1f143b41e24485cea50d1cbac27 -> 
  custom:video-encoder-webm-vp8: eb34c28f22e8b96e1ab97ce403110664 -> 
  custom:framework-osx-AVFoundation: e770b220cccbd017edd2c1fefb359320 -> 
  custom:video-decoder-webm-vp8: 9c59270c3fd7afecdb556c50c9e8de78 -> 
  custom:graphics/normal-map-encoding: 01000000000000000000000000000000 -> 02000000000000000000000000000000
  custom:audio-decoder-ogg-vorbis: bf7c407c2cedff20999df2af8eb42d56 -> 
  custom:audio-encoder-webm-vorbis: bf7c407c2cedff20999df2af8eb42d56 -> 
